<?xml version="1.0" encoding="utf-8"?><testsuites><testsuite name="pytest" errors="0" failures="0" skipped="0" tests="0" time="0.011" timestamp="2021-03-18T10:23:12.859904" hostname="kvasir" /></testsuites>